<?xml version="1.0" encoding="UTF-8"?>
<!-- Generated by org.testng.reporters.JUnitReportReporter -->
<testsuite hostname="Shwethakumari-GM" failures="0" tests="1" name="testCases.TC_001AccountRegistrationTest" time="11.574" errors="0" timestamp="2024-11-11T17:02:21 IST" skipped="0">
  <testcase classname="testCases.TC_001AccountRegistrationTest" name="verify_account_registration" time="11.574"/>
</testsuite> <!-- testCases.TC_001AccountRegistrationTest -->
